# JRE version: Java(TM) SE Runtime Environment (17.0.10+11) (build 17.0.10+11-LTS-240)
# Java VM: Java HotSpot(TM) 64-Bit Server VM (17.0.10+11-LTS-240, mixed mode, sharing, tiered, compressed oops, compressed class ptrs, g1 gc, windows-amd64)
GC Precious Log:
 CPUs: 6 total, 6 available
 Memory: 8054M
 Large Page Support: Disabled
 NUMA Support: Disabled
 Compressed Oops: Enabled (32-bit)
 Heap Region Size: 1M
 Heap Min Capacity: 8M
 Heap Initial Capacity: 126M
 Heap Max Capacity: 2014M
 Pre-touch: Disabled
 Parallel Workers: 6
 Concurrent Workers: 2
 Concurrent Refinement Workers: 6
 Periodic GC: Disabled
Heap:
 garbage-first heap   total 129024K, used 56213K [0x0000000082200000, 0x0000000100000000)
  region size 1024K, 1 young (1024K), 1 survivors (1024K)
 Metaspace       used 57608K, committed 57920K, reserved 1114112K
  class space    used 6787K, committed 6912K, reserved 1048576K
GC Heap History (20 events):
Event: 10.440 GC heap after
{Heap after GC invocations=12 (full 0):
 garbage-first heap   total 78848K, used 38020K [0x0000000082200000, 0x0000000100000000)
  region size 1024K, 4 young (4096K), 4 survivors (4096K)
 Metaspace       used 49937K, committed 50240K, reserved 1114112K
  class space    used 6198K, committed 6336K, reserved 1048576K
}
Event: 10.481 GC heap before
{Heap before GC invocations=12 (full 0):
 garbage-first heap   total 78848K, used 40068K [0x0000000082200000, 0x0000000100000000)
  region size 1024K, 7 young (7168K), 4 survivors (4096K)
 Metaspace       used 50083K, committed 50368K, reserved 1114112K
  class space    used 6199K, committed 6336K, reserved 1048576K
}
Event: 10.487 GC heap after
{Heap after GC invocations=13 (full 0):
 garbage-first heap   total 78848K, used 38596K [0x0000000082200000, 0x0000000100000000)
  region size 1024K, 1 young (1024K), 1 survivors (1024K)
 Metaspace       used 50083K, committed 50368K, reserved 1114112K
  class space    used 6199K, committed 6336K, reserved 1048576K
}
Event: 10.766 GC heap before
{Heap before GC invocations=14 (full 0):
 garbage-first heap   total 78848K, used 60100K [0x0000000082200000, 0x0000000100000000)
  region size 1024K, 22 young (22528K), 1 survivors (1024K)
 Metaspace       used 50364K, committed 50688K, reserved 1114112K
  class space    used 6202K, committed 6336K, reserved 1048576K
}
Event: 10.772 GC heap after
{Heap after GC invocations=15 (full 0):
 garbage-first heap   total 78848K, used 42333K [0x0000000082200000, 0x0000000100000000)
  region size 1024K, 3 young (3072K), 3 survivors (3072K)
 Metaspace       used 50364K, committed 50688K, reserved 1114112K
  class space    used 6202K, committed 6336K, reserved 1048576K
}
Event: 11.019 GC heap before
{Heap before GC invocations=15 (full 0):
 garbage-first heap   total 78848K, used 60765K [0x0000000082200000, 0x0000000100000000)
  region size 1024K, 21 young (21504K), 3 survivors (3072K)
 Metaspace       used 50695K, committed 51008K, reserved 1114112K
  class space    used 6233K, committed 6336K, reserved 1048576K
}
Event: 11.031 GC heap after
{Heap after GC invocations=16 (full 0):
 garbage-first heap   total 95232K, used 45932K [0x0000000082200000, 0x0000000100000000)
  region size 1024K, 3 young (3072K), 3 survivors (3072K)
 Metaspace       used 50695K, committed 51008K, reserved 1114112K
  class space    used 6233K, committed 6336K, reserved 1048576K
}
Event: 11.346 GC heap before
{Heap before GC invocations=17 (full 0):
 garbage-first heap   total 95232K, used 72556K [0x0000000082200000, 0x0000000100000000)
  region size 1024K, 29 young (29696K), 3 survivors (3072K)
 Metaspace       used 52489K, committed 52736K, reserved 1114112K
  class space    used 6424K, committed 6528K, reserved 1048576K
}
Event: 11.354 GC heap after
{Heap after GC invocations=18 (full 0):
 garbage-first heap   total 95232K, used 49445K [0x0000000082200000, 0x0000000100000000)
  region size 1024K, 3 young (3072K), 3 survivors (3072K)
 Metaspace       used 52489K, committed 52736K, reserved 1114112K
  class space    used 6424K, committed 6528K, reserved 1048576K
}
Event: 11.916 GC heap before
{Heap before GC invocations=18 (full 0):
 garbage-first heap   total 95232K, used 72997K [0x0000000082200000, 0x0000000100000000)
  region size 1024K, 26 young (26624K), 3 survivors (3072K)
 Metaspace       used 54765K, committed 55040K, reserved 1114112K
  class space    used 6608K, committed 6720K, reserved 1048576K
}
Event: 11.927 GC heap after
{Heap after GC invocations=19 (full 0):
 garbage-first heap   total 95232K, used 52053K [0x0000000082200000, 0x0000000100000000)
  region size 1024K, 4 young (4096K), 4 survivors (4096K)
 Metaspace       used 54765K, committed 55040K, reserved 1114112K
  class space    used 6608K, committed 6720K, reserved 1048576K
}
Event: 12.541 GC heap before
{Heap before GC invocations=20 (full 0):
 garbage-first heap   total 95232K, used 74581K [0x0000000082200000, 0x0000000100000000)
  region size 1024K, 26 young (26624K), 4 survivors (4096K)
 Metaspace       used 56279K, committed 56576K, reserved 1114112K
  class space    used 6669K, committed 6784K, reserved 1048576K
}
Event: 12.550 GC heap after
{Heap after GC invocations=21 (full 0):
 garbage-first heap   total 95232K, used 54254K [0x0000000082200000, 0x0000000100000000)
  region size 1024K, 3 young (3072K), 3 survivors (3072K)
 Metaspace       used 56279K, committed 56576K, reserved 1114112K
  class space    used 6669K, committed 6784K, reserved 1048576K
}
Event: 12.556 GC heap before
{Heap before GC invocations=21 (full 0):
 garbage-first heap   total 95232K, used 55278K [0x0000000082200000, 0x0000000100000000)
  region size 1024K, 4 young (4096K), 3 survivors (3072K)
 Metaspace       used 56280K, committed 56576K, reserved 1114112K
  class space    used 6669K, committed 6784K, reserved 1048576K
}
Event: 12.566 GC heap after
{Heap after GC invocations=22 (full 0):
 garbage-first heap   total 95232K, used 54252K [0x0000000082200000, 0x0000000100000000)
  region size 1024K, 1 young (1024K), 1 survivors (1024K)
 Metaspace       used 56280K, committed 56576K, reserved 1114112K
  class space    used 6669K, committed 6784K, reserved 1048576K
}
Event: 12.569 GC heap before
{Heap before GC invocations=22 (full 0):
 garbage-first heap   total 95232K, used 55276K [0x0000000082200000, 0x0000000100000000)
  region size 1024K, 3 young (3072K), 1 survivors (1024K)
 Metaspace       used 56284K, committed 56576K, reserved 1114112K
  class space    used 6669K, committed 6784K, reserved 1048576K
}
Event: 12.571 GC heap after
{Heap after GC invocations=23 (full 0):
 garbage-first heap   total 95232K, used 54323K [0x0000000082200000, 0x0000000100000000)
  region size 1024K, 1 young (1024K), 1 survivors (1024K)
 Metaspace       used 56284K, committed 56576K, reserved 1114112K
  class space    used 6669K, committed 6784K, reserved 1048576K
}
Event: 12.892 GC heap before
{Heap before GC invocations=24 (full 0):
 garbage-first heap   total 111616K, used 75827K [0x0000000082200000, 0x0000000100000000)
  region size 1024K, 21 young (21504K), 1 survivors (1024K)
 Metaspace       used 57447K, committed 57792K, reserved 1114112K
  class space    used 6777K, committed 6912K, reserved 1048576K
}
Event: 12.896 GC heap after
{Heap after GC invocations=25 (full 0):
 garbage-first heap   total 111616K, used 56207K [0x0000000082200000, 0x0000000100000000)
  region size 1024K, 3 young (3072K), 3 survivors (3072K)
 Metaspace       used 57447K, committed 57792K, reserved 1114112K
  class space    used 6777K, committed 6912K, reserved 1048576K
}
Event: 12.932 GC heap before
{Heap before GC invocations=25 (full 0):
 garbage-first heap   total 111616K, used 58255K [0x0000000082200000, 0x0000000100000000)
  region size 1024K, 5 young (5120K), 3 survivors (3072K)
 Metaspace       used 57608K, committed 57920K, reserved 1114112K
  class space    used 6787K, committed 6912K, reserved 1048576K
}

