# JRE version: Java(TM) SE Runtime Environment (17.0.10+11) (build 17.0.10+11-LTS-240)
# Java VM: Java HotSpot(TM) 64-Bit Server VM (17.0.10+11-LTS-240, mixed mode, sharing, tiered, compressed oops, compressed class ptrs, g1 gc, windows-amd64)
GC Precious Log:
 CPUs: 6 total, 6 available
 Memory: 8054M
 Large Page Support: Disabled
 NUMA Support: Disabled
 Compressed Oops: Enabled (32-bit)
 Heap Region Size: 1M
 Heap Min Capacity: 8M
 Heap Initial Capacity: 126M
 Heap Max Capacity: 2014M
 Pre-touch: Disabled
 Parallel Workers: 6
 Concurrent Workers: 2
 Concurrent Refinement Workers: 6
 Periodic GC: Disabled
Heap:
 garbage-first heap   total 112640K, used 62041K [0x0000000082200000, 0x0000000100000000)
  region size 1024K, 34 young (34816K), 3 survivors (3072K)
 Metaspace       used 47115K, committed 47424K, reserved 1114112K
  class space    used 5922K, committed 6080K, reserved 1048576K
GC Heap History (18 events):
Event: 1.123 GC heap before
{Heap before GC invocations=0 (full 0):
 garbage-first heap   total 129024K, used 24576K [0x0000000082200000, 0x0000000100000000)
  region size 1024K, 21 young (21504K), 0 survivors (0K)
 Metaspace       used 6099K, committed 6272K, reserved 1114112K
  class space    used 611K, committed 704K, reserved 1048576K
}
Event: 1.139 GC heap after
{Heap after GC invocations=1 (full 0):
 garbage-first heap   total 129024K, used 5952K [0x0000000082200000, 0x0000000100000000)
  region size 1024K, 3 young (3072K), 3 survivors (3072K)
 Metaspace       used 6099K, committed 6272K, reserved 1114112K
  class space    used 611K, committed 704K, reserved 1048576K
}
Event: 2.145 GC heap before
{Heap before GC invocations=1 (full 0):
 garbage-first heap   total 129024K, used 34624K [0x0000000082200000, 0x0000000100000000)
  region size 1024K, 31 young (31744K), 3 survivors (3072K)
 Metaspace       used 12454K, committed 12672K, reserved 1114112K
  class space    used 1426K, committed 1536K, reserved 1048576K
}
Event: 2.154 GC heap after
{Heap after GC invocations=2 (full 0):
 garbage-first heap   total 129024K, used 9048K [0x0000000082200000, 0x0000000100000000)
  region size 1024K, 4 young (4096K), 4 survivors (4096K)
 Metaspace       used 12454K, committed 12672K, reserved 1114112K
  class space    used 1426K, committed 1536K, reserved 1048576K
}
Event: 3.693 GC heap before
{Heap before GC invocations=2 (full 0):
 garbage-first heap   total 129024K, used 43864K [0x0000000082200000, 0x0000000100000000)
  region size 1024K, 36 young (36864K), 4 survivors (4096K)
 Metaspace       used 21323K, committed 21504K, reserved 1114112K
  class space    used 2792K, committed 2880K, reserved 1048576K
}
Event: 3.700 GC heap after
{Heap after GC invocations=3 (full 0):
 garbage-first heap   total 129024K, used 14410K [0x0000000082200000, 0x0000000100000000)
  region size 1024K, 6 young (6144K), 6 survivors (6144K)
 Metaspace       used 21323K, committed 21504K, reserved 1114112K
  class space    used 2792K, committed 2880K, reserved 1048576K
}
Event: 4.792 GC heap before
{Heap before GC invocations=4 (full 0):
 garbage-first heap   total 65536K, used 49226K [0x0000000082200000, 0x0000000100000000)
  region size 1024K, 38 young (38912K), 6 survivors (6144K)
 Metaspace       used 26546K, committed 26816K, reserved 1114112K
  class space    used 3605K, committed 3712K, reserved 1048576K
}
Event: 4.815 GC heap after
{Heap after GC invocations=5 (full 0):
 garbage-first heap   total 65536K, used 19473K [0x0000000082200000, 0x0000000100000000)
  region size 1024K, 5 young (5120K), 5 survivors (5120K)
 Metaspace       used 26546K, committed 26816K, reserved 1114112K
  class space    used 3605K, committed 3712K, reserved 1048576K
}
Event: 4.851 GC heap before
{Heap before GC invocations=5 (full 0):
 garbage-first heap   total 65536K, used 19473K [0x0000000082200000, 0x0000000100000000)
  region size 1024K, 6 young (6144K), 5 survivors (5120K)
 Metaspace       used 26775K, committed 27008K, reserved 1114112K
  class space    used 3631K, committed 3712K, reserved 1048576K
}
Event: 4.861 GC heap after
{Heap after GC invocations=6 (full 0):
 garbage-first heap   total 65536K, used 20876K [0x0000000082200000, 0x0000000100000000)
  region size 1024K, 1 young (1024K), 1 survivors (1024K)
 Metaspace       used 26775K, committed 27008K, reserved 1114112K
  class space    used 3631K, committed 3712K, reserved 1048576K
}
Event: 5.646 GC heap before
{Heap before GC invocations=6 (full 0):
 garbage-first heap   total 65536K, used 45452K [0x0000000082200000, 0x0000000100000000)
  region size 1024K, 26 young (26624K), 1 survivors (1024K)
 Metaspace       used 31581K, committed 31808K, reserved 1114112K
  class space    used 4068K, committed 4160K, reserved 1048576K
}
Event: 5.652 GC heap after
{Heap after GC invocations=7 (full 0):
 garbage-first heap   total 65536K, used 23334K [0x0000000082200000, 0x0000000100000000)
  region size 1024K, 4 young (4096K), 4 survivors (4096K)
 Metaspace       used 31581K, committed 31808K, reserved 1114112K
  class space    used 4068K, committed 4160K, reserved 1048576K
}
Event: 6.612 GC heap before
{Heap before GC invocations=8 (full 0):
 garbage-first heap   total 65536K, used 45862K [0x0000000082200000, 0x0000000100000000)
  region size 1024K, 27 young (27648K), 4 survivors (4096K)
 Metaspace       used 37475K, committed 37696K, reserved 1114112K
  class space    used 4708K, committed 4800K, reserved 1048576K
}
Event: 6.620 GC heap after
{Heap after GC invocations=9 (full 0):
 garbage-first heap   total 65536K, used 24984K [0x0000000082200000, 0x0000000100000000)
  region size 1024K, 3 young (3072K), 3 survivors (3072K)
 Metaspace       used 37475K, committed 37696K, reserved 1114112K
  class space    used 4708K, committed 4800K, reserved 1048576K
}
Event: 7.436 GC heap before
{Heap before GC invocations=9 (full 0):
 garbage-first heap   total 65536K, used 49560K [0x0000000082200000, 0x0000000100000000)
  region size 1024K, 25 young (25600K), 3 survivors (3072K)
 Metaspace       used 43730K, committed 43968K, reserved 1114112K
  class space    used 5560K, committed 5632K, reserved 1048576K
}
Event: 7.445 GC heap after
{Heap after GC invocations=10 (full 0):
 garbage-first heap   total 65536K, used 29070K [0x0000000082200000, 0x0000000100000000)
  region size 1024K, 2 young (2048K), 2 survivors (2048K)
 Metaspace       used 43730K, committed 43968K, reserved 1114112K
  class space    used 5560K, committed 5632K, reserved 1048576K
}
Event: 7.581 GC heap before
{Heap before GC invocations=10 (full 0):
 garbage-first heap   total 65536K, used 51598K [0x0000000082200000, 0x0000000100000000)
  region size 1024K, 23 young (23552K), 2 survivors (2048K)
 Metaspace       used 43836K, committed 44032K, reserved 1114112K
  class space    used 5560K, committed 5632K, reserved 1048576K
}
Event: 7.587 GC heap after
{Heap after GC invocations=11 (full 0):
 garbage-first heap   total 112640K, used 31321K [0x0000000082200000, 0x0000000100000000)
  region size 1024K, 3 young (3072K), 3 survivors (3072K)
 Metaspace       used 43836K, committed 44032K, reserved 1114112K
  class space    used 5560K, committed 5632K, reserved 1048576K
}

