# JRE version: Java(TM) SE Runtime Environment (17.0.10+11) (build 17.0.10+11-LTS-240)
# Java VM: Java HotSpot(TM) 64-Bit Server VM (17.0.10+11-LTS-240, mixed mode, sharing, tiered, compressed oops, compressed class ptrs, g1 gc, windows-amd64)
GC Precious Log:
 CPUs: 6 total, 6 available
 Memory: 8054M
 Large Page Support: Disabled
 NUMA Support: Disabled
 Compressed Oops: Enabled (32-bit)
 Heap Region Size: 1M
 Heap Min Capacity: 8M
 Heap Initial Capacity: 126M
 Heap Max Capacity: 2014M
 Pre-touch: Disabled
 Parallel Workers: 6
 Concurrent Workers: 2
 Concurrent Refinement Workers: 6
 Periodic GC: Disabled
Heap:
 garbage-first heap   total 93184K, used 56118K [0x0000000082200000, 0x0000000100000000)
  region size 1024K, 13 young (13312K), 3 survivors (3072K)
 Metaspace       used 50369K, committed 50688K, reserved 1114112K
  class space    used 6041K, committed 6208K, reserved 1048576K
GC Heap History (20 events):
Event: 6.139 GC heap before
{Heap before GC invocations=4 (full 0):
 garbage-first heap   total 61440K, used 49826K [0x0000000082200000, 0x0000000100000000)
  region size 1024K, 36 young (36864K), 6 survivors (6144K)
 Metaspace       used 25759K, committed 25984K, reserved 1114112K
  class space    used 3449K, committed 3584K, reserved 1048576K
}
Event: 6.160 GC heap after
{Heap after GC invocations=5 (full 0):
 garbage-first heap   total 62464K, used 24394K [0x0000000082200000, 0x0000000100000000)
  region size 1024K, 5 young (5120K), 5 survivors (5120K)
 Metaspace       used 25759K, committed 25984K, reserved 1114112K
  class space    used 3449K, committed 3584K, reserved 1048576K
}
Event: 6.597 GC heap before
{Heap before GC invocations=5 (full 0):
 garbage-first heap   total 62464K, used 43850K [0x0000000082200000, 0x0000000100000000)
  region size 1024K, 25 young (25600K), 5 survivors (5120K)
 Metaspace       used 29478K, committed 29760K, reserved 1114112K
  class space    used 3846K, committed 3968K, reserved 1048576K
}
Event: 6.605 GC heap after
{Heap after GC invocations=6 (full 0):
 garbage-first heap   total 62464K, used 26243K [0x0000000082200000, 0x0000000100000000)
  region size 1024K, 4 young (4096K), 4 survivors (4096K)
 Metaspace       used 29478K, committed 29760K, reserved 1114112K
  class space    used 3846K, committed 3968K, reserved 1048576K
}
Event: 6.925 GC heap before
{Heap before GC invocations=6 (full 0):
 garbage-first heap   total 62464K, used 44675K [0x0000000082200000, 0x0000000100000000)
  region size 1024K, 23 young (23552K), 4 survivors (4096K)
 Metaspace       used 33324K, committed 33536K, reserved 1114112K
  class space    used 4178K, committed 4288K, reserved 1048576K
}
Event: 6.931 GC heap after
{Heap after GC invocations=7 (full 0):
 garbage-first heap   total 75776K, used 27853K [0x0000000082200000, 0x0000000100000000)
  region size 1024K, 2 young (2048K), 2 survivors (2048K)
 Metaspace       used 33324K, committed 33536K, reserved 1114112K
  class space    used 4178K, committed 4288K, reserved 1048576K
}
Event: 7.142 GC heap before
{Heap before GC invocations=7 (full 0):
 garbage-first heap   total 75776K, used 35021K [0x0000000082200000, 0x0000000100000000)
  region size 1024K, 10 young (10240K), 2 survivors (2048K)
 Metaspace       used 35613K, committed 35904K, reserved 1114112K
  class space    used 4410K, committed 4544K, reserved 1048576K
}
Event: 7.147 GC heap after
{Heap after GC invocations=8 (full 0):
 garbage-first heap   total 75776K, used 28487K [0x0000000082200000, 0x0000000100000000)
  region size 1024K, 3 young (3072K), 3 survivors (3072K)
 Metaspace       used 35613K, committed 35904K, reserved 1114112K
  class space    used 4410K, committed 4544K, reserved 1048576K
}
Event: 7.692 GC heap before
{Heap before GC invocations=9 (full 0):
 garbage-first heap   total 75776K, used 58183K [0x0000000082200000, 0x0000000100000000)
  region size 1024K, 30 young (30720K), 3 survivors (3072K)
 Metaspace       used 39922K, committed 40128K, reserved 1114112K
  class space    used 4901K, committed 4992K, reserved 1048576K
}
Event: 7.702 GC heap after
{Heap after GC invocations=10 (full 0):
 garbage-first heap   total 75776K, used 35442K [0x0000000082200000, 0x0000000100000000)
  region size 1024K, 4 young (4096K), 4 survivors (4096K)
 Metaspace       used 39922K, committed 40128K, reserved 1114112K
  class space    used 4901K, committed 4992K, reserved 1048576K
}
Event: 8.001 GC heap before
{Heap before GC invocations=10 (full 0):
 garbage-first heap   total 75776K, used 57970K [0x0000000082200000, 0x0000000100000000)
  region size 1024K, 26 young (26624K), 4 survivors (4096K)
 Metaspace       used 41771K, committed 41984K, reserved 1114112K
  class space    used 5092K, committed 5184K, reserved 1048576K
}
Event: 8.012 GC heap after
{Heap after GC invocations=11 (full 0):
 garbage-first heap   total 75776K, used 41217K [0x0000000082200000, 0x0000000100000000)
  region size 1024K, 4 young (4096K), 4 survivors (4096K)
 Metaspace       used 41771K, committed 41984K, reserved 1114112K
  class space    used 5092K, committed 5184K, reserved 1048576K
}
Event: 8.171 GC heap before
{Heap before GC invocations=11 (full 0):
 garbage-first heap   total 75776K, used 56577K [0x0000000082200000, 0x0000000100000000)
  region size 1024K, 20 young (20480K), 4 survivors (4096K)
 Metaspace       used 42158K, committed 42432K, reserved 1114112K
  class space    used 5111K, committed 5248K, reserved 1048576K
}
Event: 8.180 GC heap after
{Heap after GC invocations=12 (full 0):
 garbage-first heap   total 75776K, used 42722K [0x0000000082200000, 0x0000000100000000)
  region size 1024K, 2 young (2048K), 2 survivors (2048K)
 Metaspace       used 42158K, committed 42432K, reserved 1114112K
  class space    used 5111K, committed 5248K, reserved 1048576K
}
Event: 8.411 GC heap before
{Heap before GC invocations=13 (full 0):
 garbage-first heap   total 75776K, used 58082K [0x0000000082200000, 0x0000000100000000)
  region size 1024K, 18 young (18432K), 2 survivors (2048K)
 Metaspace       used 43437K, committed 43712K, reserved 1114112K
  class space    used 5225K, committed 5312K, reserved 1048576K
}
Event: 8.418 GC heap after
{Heap after GC invocations=14 (full 0):
 garbage-first heap   total 75776K, used 44595K [0x0000000082200000, 0x0000000100000000)
  region size 1024K, 2 young (2048K), 2 survivors (2048K)
 Metaspace       used 43437K, committed 43712K, reserved 1114112K
  class space    used 5225K, committed 5312K, reserved 1048576K
}
Event: 8.462 GC heap before
{Heap before GC invocations=14 (full 0):
 garbage-first heap   total 75776K, used 45619K [0x0000000082200000, 0x0000000100000000)
  region size 1024K, 3 young (3072K), 2 survivors (2048K)
 Metaspace       used 43546K, committed 43776K, reserved 1114112K
  class space    used 5231K, committed 5312K, reserved 1048576K
}
Event: 8.467 GC heap after
{Heap after GC invocations=15 (full 0):
 garbage-first heap   total 93184K, used 44538K [0x0000000082200000, 0x0000000100000000)
  region size 1024K, 1 young (1024K), 1 survivors (1024K)
 Metaspace       used 43546K, committed 43776K, reserved 1114112K
  class space    used 5231K, committed 5312K, reserved 1048576K
}
Event: 9.355 GC heap before
{Heap before GC invocations=15 (full 0):
 garbage-first heap   total 93184K, used 68090K [0x0000000082200000, 0x0000000100000000)
  region size 1024K, 25 young (25600K), 1 survivors (1024K)
 Metaspace       used 49582K, committed 49984K, reserved 1114112K
  class space    used 6010K, committed 6208K, reserved 1048576K
}
Event: 9.361 GC heap after
{Heap after GC invocations=16 (full 0):
 garbage-first heap   total 93184K, used 46902K [0x0000000082200000, 0x0000000100000000)
  region size 1024K, 3 young (3072K), 3 survivors (3072K)
 Metaspace       used 49582K, committed 49984K, reserved 1114112K
  class space    used 6010K, committed 6208K, reserved 1048576K
}

